<?xml version="1.0" encoding="UTF-8"?>
<!-- Generated by org.testng.reporters.JUnitReportReporter -->
<testsuite hostname="jokin" name="testcase.TestScroll" tests="1" failures="0" timestamp="14 May 2018 07:05:00 GMT" time="9.828" errors="0">
  <testcase name="f" time="9.828" classname="testcase.TestScroll"/>
</testsuite> <!-- testcase.TestScroll -->
