<?xml version="1.0" encoding="UTF-8"?>
<!-- Generated by org.testng.reporters.JUnitReportReporter -->
<testsuite hostname="jokin" name="testcase.TestTakesScreenshotAs" tests="1" failures="0" timestamp="12 May 2018 05:03:38 GMT" time="6.396" errors="0">
  <testcase name="f" time="6.396" classname="testcase.TestTakesScreenshotAs"/>
</testsuite> <!-- testcase.TestTakesScreenshotAs -->
