<?xml version="1.0" encoding="UTF-8"?>
<!-- Generated by org.testng.reporters.JUnitReportReporter -->
<testsuite hostname="jokin" name="testcase.TestOther" tests="3" failures="0" timestamp="11 May 2018 10:09:12 GMT" time="0.019" errors="0">
  <testcase name="test1" time="0.002" classname="testcase.TestOther"/>
  <testcase name="divisionWithException" time="0.003" classname="testcase.TestOther"/>
  <testcase name="test3" time="0.014" classname="testcase.TestOther"/>
</testsuite> <!-- testcase.TestOther -->
