<?xml version="1.0" encoding="UTF-8"?>
<!-- Generated by org.testng.reporters.JUnitReportReporter -->
<testsuite hostname="jokin" name="testcase.TestSelectMenu" tests="1" failures="0" timestamp="12 May 2018 10:57:54 GMT" time="8.312" errors="0">
  <testcase name="f" time="8.312" classname="testcase.TestSelectMenu"/>
</testsuite> <!-- testcase.TestSelectMenu -->
