<?xml version="1.0" encoding="UTF-8"?>
<!-- Generated by org.testng.reporters.JUnitReportReporter -->
<testsuite hostname="jokin" name="testcase.TestClassGroup" tests="2" failures="0" timestamp="11 May 2018 10:09:12 GMT" time="0.008" errors="0">
  <testcase name="runSelenium2" time="0.007" classname="testcase.TestClassGroup"/>
  <testcase name="runSelenium3" time="0.001" classname="testcase.TestClassGroup"/>
</testsuite> <!-- testcase.TestClassGroup -->
