<?xml version="1.0" encoding="UTF-8"?>
<!-- Generated by org.testng.reporters.JUnitReportReporter -->
<testsuite hostname="jokin" name="testcase.TestDrag" tests="1" failures="0" timestamp="12 May 2018 08:45:10 GMT" time="0.214" errors="0">
  <testcase name="f" time="0.214" classname="testcase.TestDrag"/>
</testsuite> <!-- testcase.TestDrag -->
