<?xml version="1.0" encoding="UTF-8"?>
<!-- Generated by org.testng.reporters.JUnitReportReporter -->
<testsuite hostname="jokin" name="testcase.TestCapture" tests="1" failures="0" timestamp="11 May 2018 13:44:53 GMT" time="5.916" errors="0">
  <testcase name="testCaptureElement" time="5.916" classname="testcase.TestCapture"/>
</testsuite> <!-- testcase.TestCapture -->
