<?xml version="1.0" encoding="UTF-8"?>
<!-- Generated by org.testng.reporters.JUnitReportReporter -->
<testsuite hostname="jokin" name="testcase.TestOther3" tests="4" failures="0" timestamp="12 May 2018 13:18:50 GMT" time="0.023" errors="0">
  <testcase name="divisionWithException" time="0.014" classname="testcase.TestOther3"/>
  <testcase name="testSplit" time="0.001" classname="testcase.TestOther3"/>
  <testcase name="test3" time="0.002" classname="testcase.TestOther3"/>
  <testcase name="test1" time="0.006" classname="testcase.TestOther3"/>
</testsuite> <!-- testcase.TestOther3 -->
