<?xml version="1.0" encoding="UTF-8"?>
<!-- Generated by org.testng.reporters.JUnitReportReporter -->
<testsuite hostname="jokin" name="testcase.TestParameterDataProvider" tests="3" failures="0" timestamp="15 May 2018 04:23:26 GMT" time="0.015" errors="0">
  <testcase name="test" time="0.010" classname="testcase.TestParameterDataProvider"/>
  <testcase name="test" time="0.002" classname="testcase.TestParameterDataProvider"/>
  <testcase name="test" time="0.003" classname="testcase.TestParameterDataProvider"/>
</testsuite> <!-- testcase.TestParameterDataProvider -->
