<?xml version="1.0" encoding="UTF-8"?>
<!-- Generated by org.testng.reporters.JUnitReportReporter -->
<testsuite hostname="jokin" name="testcase.TestSwitchToIframe" tests="1" failures="0" timestamp="13 May 2018 08:26:09 GMT" time="18.101" errors="0">
  <testcase name="f" time="18.101" classname="testcase.TestSwitchToIframe"/>
</testsuite> <!-- testcase.TestSwitchToIframe -->
