<?xml version="1.0" encoding="UTF-8"?>
<!-- Generated by org.testng.reporters.JUnitReportReporter -->
<testsuite hostname="jokin" name="testcase.TestScroll2" tests="1" failures="0" timestamp="14 May 2018 09:14:07 GMT" time="9.619" errors="0">
  <testcase name="f" time="9.619" classname="testcase.TestScroll2"/>
</testsuite> <!-- testcase.TestScroll2 -->
