<?xml version="1.0" encoding="UTF-8"?>
<!-- Generated by org.testng.reporters.JUnitReportReporter -->
<testsuite hostname="jokin" name="testcase.TestClassGroup2" tests="2" failures="0" timestamp="11 May 2018 10:09:12 GMT" time="0.004" errors="0">
  <testcase name="runSelenium4" time="0.002" classname="testcase.TestClassGroup2"/>
  <testcase name="runSelenium5" time="0.002" classname="testcase.TestClassGroup2"/>
</testsuite> <!-- testcase.TestClassGroup2 -->
