<?xml version="1.0" encoding="UTF-8"?>
<!-- Generated by org.testng.reporters.JUnitReportReporter -->
<testsuite hostname="jokin" name="testcase.TestFileUpload" tests="1" failures="0" timestamp="12 May 2018 11:45:58 GMT" time="27.010" errors="0">
  <testcase name="f" time="27.010" classname="testcase.TestFileUpload"/>
</testsuite> <!-- testcase.TestFileUpload -->
